<?xml version="1.0" encoding="UTF-8"?>
<!-- Generated by org.testng.reporters.JUnitReportReporter -->
<testsuite skipped="0" hostname="BA-000235932" name="com.telus.wnp.tests.MSSPartnersPageTest_BR3" tests="1" failures="1" timestamp="2022-04-28T20:45:04 IST" time="44.206" errors="0">
  <testcase name="testMethod_MSS" time="44.206" classname="com.telus.wnp.tests.MSSPartnersPageTest_BR3">
    <failure type="java.lang.AssertionError" message="java.lang.AssertionError: Unable to activate subscriber from MSS Portal expected [true] but found [false]">
      <![CDATA[java.lang.AssertionError: java.lang.AssertionError: Unable to activate subscriber from MSS Portal expected [true] but found [false]
at com.test.ui.actions.Validate.assertTrue(Validate.java:1911)
at com.test.ui.actions.Validate.assertTrue(Validate.java:1924)
at com.telus.wnp.steps.MSSPartnersPageSteps_BR.performActivationFromMSS(MSSPartnersPageSteps_BR.java:320)
at com.telus.wnp.tests.MSSPartnersPageTest_BR3.testMethod_MSS(MSSPartnersPageTest_BR3.java:61)
at sun.reflect.NativeMethodAccessorImpl.invoke0(Native Method)
at sun.reflect.NativeMethodAccessorImpl.invoke(Unknown Source)
at sun.reflect.DelegatingMethodAccessorImpl.invoke(Unknown Source)
at java.lang.reflect.Method.invoke(Unknown Source)
at org.testng.internal.MethodInvocationHelper.invokeMethod(MethodInvocationHelper.java:133)
at org.testng.internal.TestInvoker.invokeMethod(TestInvoker.java:598)
at org.testng.internal.TestInvoker.invokeTestMethod(TestInvoker.java:173)
at org.testng.internal.MethodRunner.runInSequence(MethodRunner.java:46)
at org.testng.internal.TestInvoker$MethodInvocationAgent.invoke(TestInvoker.java:824)
at org.testng.internal.TestInvoker.invokeTestMethods(TestInvoker.java:146)
at org.testng.internal.TestMethodWorker.invokeTestMethods(TestMethodWorker.java:146)
at org.testng.internal.TestMethodWorker.run(TestMethodWorker.java:128)
at java.util.concurrent.ThreadPoolExecutor.runWorker(Unknown Source)
at java.util.concurrent.ThreadPoolExecutor$Worker.run(Unknown Source)
at java.lang.Thread.run(Unknown Source)
Caused by: java.lang.AssertionError: Unable to activate subscriber from MSS Portal expected [true] but found [false]
at org.testng.Assert.fail(Assert.java:99)
at org.testng.Assert.failNotEquals(Assert.java:1037)
at org.testng.Assert.assertTrue(Assert.java:45)
at com.test.ui.actions.Validate.assertTrue(Validate.java:1907)
... 18 more
]]>
    </failure>
  </testcase> <!-- testMethod_MSS -->
  <system-out>
    <![CDATA[<div id='messageValidation' style='background-color: silver; color: black; font-size: xx-small; border: silver 2px solid; padding: 5px;'><table><tr><td style='width:85px;'>Validation</td><td>:</td><td id='message'>TestListener.createNewTestReport</td></tr></table></div><br/><br/>
<div id='messageValidation' style='background-color: silver; color: black; font-size: xx-small; border: silver 2px solid; padding: 5px;'><table><tr><td style='width:85px;'>Validation</td><td>:</td><td id='message'>GROUP_REPORT tag property :  true</td></tr></table></div><br/><br/>
<div id='messageValidation' style='background-color: silver; color: black; font-size: xx-small; border: silver 2px solid; padding: 5px;'><table><tr><td style='width:85px;'>Validation</td><td>:</td><td id='message'>TestListener.onTestStart</td></tr></table></div><br/><br/>
<div id='messageValidation' style='background-color: silver; color: black; font-size: xx-small; border: silver 2px solid; padding: 5px;'><table><tr><td style='width:85px;'>Validation</td><td>:</td><td id='message'>Automation Configuration - Environment Configured for Automation Execution [PT168]</td></tr></table></div><br/><br/>
<div id='messageValidation' style='background-color: silver; color: black; font-size: xx-small; border: silver 2px solid; padding: 5px;'><table><tr><td style='width:85px;'>Validation</td><td>:</td><td id='message'>Test Data File for MSSPartnersPageTest_BR3 placed at : \TestData\MSSPartnersPageTest_BR3.json</td></tr></table></div><br/><br/>
<div id='messageValidation' style='background-color: silver; color: black; font-size: xx-small; border: silver 2px solid; padding: 5px;'><table><tr><td style='width:85px;'>Validation</td><td>:</td><td id='message'>Test Case Name : [MSSPartnersPageTest_BR3]</td></tr></table></div><br/><br/>
<div id='messageValidation' style='background-color: silver; color: black; font-size: xx-small; border: silver 2px solid; padding: 5px;'><table><tr><td style='width:85px;'>Validation</td><td>:</td><td id='message'>Test Case Description : [The purpose of this test case is to verify "MSSPartnersPageTest_BR3" workflow]</td></tr></table></div><br/><br/>
<div id='messageValidation' style='background-color: silver; color: black; font-size: xx-small; border: silver 2px solid; padding: 5px;'><table><tr><td style='width:85px;'>Validation</td><td>:</td><td id='message'>STEP ===> Perform Activation from MSS </td></tr></table></div><br/><br/>
<div id='messageValidation' style='background-color: silver; color: black; font-size: xx-small; border: silver 2px solid; padding: 5px;'><table><tr><td style='width:85px;'>Validation</td><td>:</td><td id='message'>SessionId23 - openApplicationMSS_APPLICATION_TELUS</td></tr></table></div><br/><br/>
<div id='messageValidation' style='background-color: silver; color: black; font-size: xx-small; border: silver 2px solid; padding: 5px;'><table><tr><td style='width:85px;'>Validation</td><td>:</td><td id='message'>URL Value Returned for environment {"TELUS_SD":"https://smartdesktop-pt168.tmi.telus.com/smartdesktop/search/new_request.jsp","MSS_PRETOPOST":"https://sslqa.tmi.telus.com/partners/login.jsp","TELUS_PAC":"http://customermanagement-pt168.tmi.telus.com/PAC/","RK_PORTAL":"staging.www.koodomobile.com/en/on/prepaid/koodo/consumer/activation","SMG_SYNIVERSE":"https://mysyniverse.syniverse.com/","SMGASMS_PORTAL":"https://tv95app2.tsl.telus.com:8443/SMGASMS","TELUS_COMM_HISTORY":"https://agent-gui-it02.paas-app-east-np.tsl.telus.com/communication-history","PUBLIC_MOBILE":"stage.publicmobile.ca/en/on/portal/activation","LSR_PORTAL":"https://lsr-web-it04.paas-app-west2-np.tsl.telus.com/","HRT_ATT":"https://glastonbury-it01.tsl.telus.com/agent_token_tool-web/loadatt?AgentId=x220031","SMP":"http://wlprov-pt168.tmi.telus.com/smpweb/","MSS_APPLICATION_TELUS":"https://salesmanagement-pt168.tmi.telus.com/CustomerProfileWeb/cp/svc/agent/init.do?languange=EN&brand=1&mss_new=true","MSS_APPLICATION_KOODO":"https://salesmanagement-pt168.tmi.telus.com/CustomerProfileWeb/cp/svc/agent/init.do?languange=EN&brand=3&mss_new=true","TELUS_CODA":"https://coda-np.tsl.telus.com/portal/","TELUS_RCM":"http://resourcemanagement-pt168.tmi.telus.com/RCM","RK_PORTAL_OLD":"http://142.63.59.38:9890/"}-Calling_From-WebDriverSteps.getApplicationURL</td></tr></table></div><br/><br/>
<div id='messageValidation' style='background-color: silver; color: black; font-size: xx-small; border: silver 2px solid; padding: 5px;'><table><tr><td style='width:85px;'>Validation</td><td>:</td><td id='message'>Browser to be utilized: CHROME</td></tr></table></div><br/><br/>
<div id='messageValidation' style='background-color: silver; color: black; font-size: xx-small; border: silver 2px solid; padding: 5px;'><table><tr><td style='width:85px;'>Validation</td><td>:</td><td id='message'>
BROWSER will use the OPTIONS profile: P_ACCEPT_BEHAVIORS_AND_CERTIFICATES</td></tr></table></div><br/><br/>
<div id='messageValidation' style='background-color: silver; color: black; font-size: xx-small; border: silver 2px solid; padding: 5px;'><table><tr><td style='width:85px;'>Validation</td><td>:</td><td id='message'>INFO! The Driver settings are loaded using the LATEST Strategy</td></tr></table></div><br/><br/>
<div id='messageValidation' style='background-color: silver; color: black; font-size: xx-small; border: silver 2px solid; padding: 5px;'><table><tr><td style='width:85px;'>Validation</td><td>:</td><td id='message'>webDriver - Session ID saved to MAP</td></tr></table></div><br/><br/>
<div id='messageValidation' style='background-color: silver; color: black; font-size: xx-small; border: silver 2px solid; padding: 5px;'><table><tr><td style='width:85px;'>Validation</td><td>:</td><td id='message'>Unable to Activate Subscriber from MSS Portal org.openqa.selenium.WebDriverException: unknown error: net::ERR_NAME_NOT_RESOLVED
  (Session info: chrome=100.0.4896.127)
Build info: version: '3.14.0', revision: 'aacccce0', time: '2018-08-02T20:19:58.91Z'
System info: host: 'BA-000235932', ip: '100.67.33.144', os.name: 'Windows 10', os.arch: 'amd64', os.version: '10.0', java.version: '1.8.0_321'
Driver info: org.openqa.selenium.chrome.ChromeDriver
Capabilities {acceptInsecureCerts: true, browserName: chrome, browserVersion: 100.0.4896.127, chrome: {chromedriverVersion: 100.0.4896.60 (6a5d10861ce8..., userDataDir: C:\Users\MUKESH~1.PAN\AppDa...}, goog:chromeOptions: {debuggerAddress: localhost:50554}, javascriptEnabled: true, networkConnectionEnabled: false, pageLoadStrategy: normal, platform: WINDOWS, platformName: WINDOWS, proxy: Proxy(), setWindowRect: true, strictFileInteractability: false, timeouts: {implicit: 0, pageLoad: 300000, script: 30000}, unhandledPromptBehavior: accept, webauthn:extension:credBlob: true, webauthn:extension:largeBlob: true, webauthn:virtualAuthenticators: true}
Session ID: 5283518797e844323a282a98eb9eacf0</td></tr></table></div><br/><br/>
<div id='messageValidation' style='background-color: #D20000; color: white; font-size: xx-small; border: silver 2px solid; padding: 5px;'><table><tr><td style='width:85px;'>Validation</td><td>:</td><td id='message'>Unable to activate subscriber from MSS Portal</td></tr></table></div><br/><br/>
<div id='messageValidation' style='background-color: #D20000; color: white; font-size: xx-small; border: silver 2px solid; padding: 5px;'><table><tr><td style='width:85px;'>Validation</td><td>:</td><td id='message'>.\FailedTestsScreenshots\MSSPartnersPageSteps_BR_performActivationFromMSS_salesmanagementpt168tmiteluscom_Fail_202204280845853.png</td></tr></table></div><br/><br/>
<div id='messageValidation' style='background-color: silver; color: black; font-size: xx-small; border: silver 2px solid; padding: 5px;'><table><tr><td style='width:85px;'>Validation</td><td>:</td><td id='message'>TestListener.onTestFailure</td></tr></table></div><br/><br/>
<div id='messageValidation' style='background-color: #D20000; color: white; font-size: xx-small; border: silver 2px solid; padding: 5px;'><table><tr><td style='width:85px;'>Validation</td><td>:</td><td id='message'> TEST FAILED: testMethod_MSS failed: java.lang.AssertionError: java.lang.AssertionError: Unable to activate subscriber from MSS Portal expected [true] but found [false]</td></tr></table></div><br/><br/>
<div id='messageValidation' style='background-color: #D20000; color: white; font-size: xx-small; border: silver 2px solid; padding: 5px;'><table><tr><td style='width:85px;'>Validation</td><td>:</td><td id='message'>.\FailedTestsScreenshots\testMethod_MSS_202204280845147.png</td></tr></table></div><br/><br/>
<div id='messageValidation' style='background-color: #D20000; color: white; font-size: xx-small; border: silver 2px solid; padding: 5px;'><table><tr><td style='width:85px;'>Validation</td><td>:</td><td id='message'>Failed Url --> https://salesmanagement-pt168.tmi.telus.com/CustomerProfileWeb/cp/svc/agent/init.do?languange=EN&brand=1&mss_new=true</td></tr></table></div><br/><br/>
<div id='messageValidation' style='background-color: silver; color: black; font-size: xx-small; border: silver 2px solid; padding: 5px;'><table><tr><td style='width:85px;'>Validation</td><td>:</td><td id='message'>JIRA - Skipping Jira Update as Toggle it's false</td></tr></table></div><br/><br/>]]>
  </system-out>
</testsuite> <!-- com.telus.wnp.tests.MSSPartnersPageTest_BR3 -->
