<?xml version="1.0" encoding="UTF-8"?>
<!-- Generated by org.testng.reporters.JUnitReportReporter -->
<testsuite skipped="0" hostname="BA-000235932" name="com.telus.wnp.tests.SmokeTests" tests="1" failures="0" timestamp="2022-05-02T15:58:26 IST" time="193.537" errors="0">
  <testcase name="testMethod_SmokeTests" time="193.537" classname="com.telus.wnp.tests.SmokeTests"/>
  <system-out/>
</testsuite> <!-- com.telus.wnp.tests.SmokeTests -->
