<?xml version="1.0" encoding="UTF-8"?>
<!-- Generated by org.testng.reporters.JUnitReportReporter -->
<testsuite skipped="0" hostname="BA-000235932" name="com.telus.wnp.tests.ForeignTN_Validation" tests="1" failures="0" timestamp="2022-05-05T08:58:47 IST" time="53.527" errors="0">
  <testcase name="testMethod_UITestDemo" time="53.527" classname="com.telus.wnp.tests.ForeignTN_Validation"/>
  <system-out/>
</testsuite> <!-- com.telus.wnp.tests.ForeignTN_Validation -->
