<?xml version="1.0" encoding="UTF-8"?>
<!-- Generated by org.testng.reporters.JUnitReportReporter -->
<testsuite skipped="0" hostname="BA-000235932" name="com.telus.wnp.tests.uReportTestClass2" tests="1" failures="0" timestamp="2022-04-18T09:32:38 IST" time="26.950" errors="0">
  <testcase name="testMethod_AnHYCancelFromPAC" time="26.950" classname="com.telus.wnp.tests.uReportTestClass2"/>
  <system-out>
    <![CDATA[<div id='messageValidation' style='background-color: silver; color: black; font-size: xx-small; border: silver 2px solid; padding: 5px;'><table><tr><td style='width:85px;'>Validation</td><td>:</td><td id='message'>TestListener.createNewTestReport</td></tr></table></div><br/><br/>
<div id='messageValidation' style='background-color: silver; color: black; font-size: xx-small; border: silver 2px solid; padding: 5px;'><table><tr><td style='width:85px;'>Validation</td><td>:</td><td id='message'>GROUP_REPORT tag property :  true</td></tr></table></div><br/><br/>
<div id='messageValidation' style='background-color: silver; color: black; font-size: xx-small; border: silver 2px solid; padding: 5px;'><table><tr><td style='width:85px;'>Validation</td><td>:</td><td id='message'>TestListener.onTestStart</td></tr></table></div><br/><br/>
<div id='messageValidation' style='background-color: silver; color: black; font-size: xx-small; border: silver 2px solid; padding: 5px;'><table><tr><td style='width:85px;'>Validation</td><td>:</td><td id='message'>Automation Configuration - Environment Configured for Automation Execution [PT168]</td></tr></table></div><br/><br/>
<div id='messageValidation' style='background-color: silver; color: black; font-size: xx-small; border: silver 2px solid; padding: 5px;'><table><tr><td style='width:85px;'>Validation</td><td>:</td><td id='message'>Test Data File for uReportTestClass2 placed at : \TestData\uReportTestClass2.json</td></tr></table></div><br/><br/>
<div id='messageValidation' style='background-color: silver; color: black; font-size: xx-small; border: silver 2px solid; padding: 5px;'><table><tr><td style='width:85px;'>Validation</td><td>:</td><td id='message'>Test Case Name : [uReportTestClass2]</td></tr></table></div><br/><br/>
<div id='messageValidation' style='background-color: silver; color: black; font-size: xx-small; border: silver 2px solid; padding: 5px;'><table><tr><td style='width:85px;'>Validation</td><td>:</td><td id='message'>Test Case Description : [The purpose of this test case is to verify "uReportTestClass2" workflow.]</td></tr></table></div><br/><br/>
<div id='messageValidation' style='background-color: silver; color: black; font-size: xx-small; border: silver 2px solid; padding: 5px;'><table><tr><td style='width:85px;'>Validation</td><td>:</td><td id='message'>STEP === SPID Validation --> SPID validation check via API call===</td></tr></table></div><br/><br/>
<div id='messageValidation' style='background-color: silver; color: black; font-size: xx-small; border: silver 2px solid; padding: 5px;'><table><tr><td style='width:85px;'>Validation</td><td>:</td><td id='message'>API Operation status: 200</td></tr></table></div><br/><br/>
<div id='messageValidation' style='background-color: silver; color: black; font-size: xx-small; border: silver 2px solid; padding: 5px;'><table><tr><td style='width:85px;'>Validation</td><td>:</td><td id='message'>API SIZE : 21</td></tr></table></div><br/><br/>
<div id='messageValidation' style='background-color: silver; color: black; font-size: xx-small; border: silver 2px solid; padding: 5px;'><table><tr><td style='width:85px;'>Validation</td><td>:</td><td id='message'>API Operation Request: {soapenv:Envelope={_={soapenv:Header=null, soapenv:Body={wlnp:GetLocalServiceProviderAndPortabilityByWtnRequest={wtn=6471177125}}}, @={xmlns:soapenv=http://schemas.xmlsoap.org/soap/envelope/, xmlns:wlnp=http://www.telus.com/WLNP-PortabilityService}}}</td></tr></table></div><br/><br/>
<div id='messageValidation' style='background-color: silver; color: black; font-size: xx-small; border: silver 2px solid; padding: 5px;'><table><tr><td style='width:85px;'>Validation</td><td>:</td><td id='message'>API Operation response: {env:Envelope={_={env:Header=null, env:Body={wlnp:GetLocalServiceProviderAndPortabilityByWtnResponse={_={lspType=WIRELINE, lspId=TU07, lrn=null, portabilityIndicator=true}, @={xmlns:wlnp=http://www.telus.com/WLNP-PortabilityService}}}}, @={xmlns:env=http://schemas.xmlsoap.org/soap/envelope/}}}</td></tr></table></div><br/><br/>
<div id='messageValidation' style='background-color: silver; color: black; font-size: xx-small; border: silver 2px solid; padding: 5px;'><table><tr><td style='width:85px;'>Validation</td><td>:</td><td id='message'>API Operation response Soap conversion: <root><env:Envelope xmlns:env="http://schemas.xmlsoap.org/soap/envelope/"><env:Header/><env:Body><wlnp:GetLocalServiceProviderAndPortabilityByWtnResponse xmlns:wlnp="http://www.telus.com/WLNP-PortabilityService"><lspType>WIRELINE</lspType><lspId>TU07</lspId><lrn>null</lrn><portabilityIndicator>true</portabilityIndicator></wlnp:GetLocalServiceProviderAndPortabilityByWtnResponse></env:Body></env:Envelope></root></td></tr></table></div><br/><br/>
<div id='messageValidation' style='background-color: #04B404; color: white; font-size: xx-small; border: silver 2px solid; padding: 5px;'><table><tr><td style='width:85px;'>Validation</td><td>:</td><td id='message'>Assertion Passed: AssertEquals  - expected [TU07] and actual [TU07]</td></tr></table></div><br/><br/>
<div id='messageValidation' style='background-color: silver; color: black; font-size: xx-small; border: silver 2px solid; padding: 5px;'><table><tr><td style='width:85px;'>Validation</td><td>:</td><td id='message'>SessionId127 - openApplicationTELUS_SD</td></tr></table></div><br/><br/>
<div id='messageValidation' style='background-color: silver; color: black; font-size: xx-small; border: silver 2px solid; padding: 5px;'><table><tr><td style='width:85px;'>Validation</td><td>:</td><td id='message'>URL Value Returned for environment {"TELUS_SD":"https://smartdesktop-pt168.tmi.telus.com/smartdesktop/search/new_request.jsp","MSS_PRETOPOST":"https://sslqa.tmi.telus.com/partners/login.jsp","TELUS_PAC":"http://customermanagement-pt168.tmi.telus.com/PAC/","RK_PORTAL":"staging.www.koodomobile.com/en/on/prepaid/koodo/consumer/activation","SMG_SYNIVERSE":"https://mysyniverse.syniverse.com/","SMGASMS_PORTAL":"https://tv95app2.tsl.telus.com:8443/SMGASMS","TELUS_COMM_HISTORY":"https://agent-gui-it02.paas-app-east-np.tsl.telus.com/communication-history","PUBLIC_MOBILE":"stage.publicmobile.ca/en/on/portal/activation","LSR_PORTAL":"https://lsr-web-it04.paas-app-west2-np.tsl.telus.com/","HRT_ATT":"https://glastonbury-it01.tsl.telus.com/agent_token_tool-web/loadatt?AgentId=x220031","SMP":"http://wlprov-pt168.tmi.telus.com/smpweb/","MSS_APPLICATION_TELUS":"https://salesmanagement-pt168.tmi.telus.com/CustomerProfileWeb/cp/svc/agent/init.do?languange=EN&brand=1&mss_new=true","MSS_APPLICATION_KOODO":"https://salesmanagement-pt168.tmi.telus.com/CustomerProfileWeb/cp/svc/agent/init.do?languange=EN&brand=3&mss_new=true","TELUS_CODA":"https://coda-np.tsl.telus.com/portal/","TELUS_RCM":"http://resourcemanagement-pt168.tmi.telus.com/RCM","RK_PORTAL_OLD":"http://142.63.59.38:9890/"}-Calling_From-WebDriverSteps.getApplicationURL</td></tr></table></div><br/><br/>
<div id='messageValidation' style='background-color: silver; color: black; font-size: xx-small; border: silver 2px solid; padding: 5px;'><table><tr><td style='width:85px;'>Validation</td><td>:</td><td id='message'>Browser to be utilized: CHROME</td></tr></table></div><br/><br/>
<div id='messageValidation' style='background-color: silver; color: black; font-size: xx-small; border: silver 2px solid; padding: 5px;'><table><tr><td style='width:85px;'>Validation</td><td>:</td><td id='message'>
BROWSER will use the OPTIONS profile: P_ACCEPT_BEHAVIORS_AND_CERTIFICATES</td></tr></table></div><br/><br/>
<div id='messageValidation' style='background-color: silver; color: black; font-size: xx-small; border: silver 2px solid; padding: 5px;'><table><tr><td style='width:85px;'>Validation</td><td>:</td><td id='message'>INFO! The Driver settings are loaded using the LATEST Strategy</td></tr></table></div><br/><br/>
<div id='messageValidation' style='background-color: silver; color: black; font-size: xx-small; border: silver 2px solid; padding: 5px;'><table><tr><td style='width:85px;'>Validation</td><td>:</td><td id='message'>webDriver - Session ID saved to MAP</td></tr></table></div><br/><br/>
<div id='messageValidation' style='background-color: silver; color: black; font-size: xx-small; border: silver 2px solid; padding: 5px;'><table><tr><td style='width:85px;'>Validation</td><td>:</td><td id='message'>URL opened: https://smartdesktop-pt168.tmi.telus.com/smartdesktop/search/new_request.jsp-Calling_From-WebDriverSteps.navigateToApplication</td></tr></table></div><br/><br/>
<div id='messageValidation' style='background-color: silver; color: black; font-size: xx-small; border: silver 2px solid; padding: 5px;'><table><tr><td style='width:85px;'>Validation</td><td>:</td><td id='message'>Handle Certificate Error-Calling_From-BaseSteps.handleCertificateError</td></tr></table></div><br/><br/>
<div id='messageValidation' style='background-color: silver; color: black; font-size: xx-small; border: silver 2px solid; padding: 5px;'><table><tr><td style='width:85px;'>Validation</td><td>:</td><td id='message'>Handle UnsecureConnectionError-Calling_From-BaseSteps.handleUnsecureConnectionError</td></tr></table></div><br/><br/>
<div id='messageValidation' style='background-color: silver; color: black; font-size: xx-small; border: silver 2px solid; padding: 5px;'><table><tr><td style='width:85px;'>Validation</td><td>:</td><td id='message'>Handle InvalidCertificate Error-Calling_From-BaseSteps.handleInvalidCertificateError</td></tr></table></div><br/><br/>
<div id='messageValidation' style='background-color: silver; color: black; font-size: xx-small; border: silver 2px solid; padding: 5px;'><table><tr><td style='width:85px;'>Validation</td><td>:</td><td id='message'>waitUntilJSReadyCustomTimeOut done-Calling_From-BaseSteps.waitUntilJSReadyCustomTimeOut</td></tr></table></div><br/><br/>
<div id='messageValidation' style='background-color: silver; color: black; font-size: xx-small; border: silver 2px solid; padding: 5px;'><table><tr><td style='width:85px;'>Validation</td><td>:</td><td id='message'>waitUntilJqueryIsDone done-Calling_From-BaseSteps.waitUntilJqueryLoadCompleteCustomTimeOut</td></tr></table></div><br/><br/>
<div id='messageValidation' style='background-color: silver; color: black; font-size: xx-small; border: silver 2px solid; padding: 5px;'><table><tr><td style='width:85px;'>Validation</td><td>:</td><td id='message'>waitUntilJQueryReady done-Calling_From-BaseSteps.waitUntilJQueryReady</td></tr></table></div><br/><br/>
<div id='messageValidation' style='background-color: silver; color: black; font-size: xx-small; border: silver 2px solid; padding: 5px;'><table><tr><td style='width:85px;'>Validation</td><td>:</td><td id='message'>waitUntilAngularReady done-Calling_From-BaseSteps.waitUntilAngularReady</td></tr></table></div><br/><br/>
<div id='messageValidation' style='background-color: silver; color: black; font-size: xx-small; border: silver 2px solid; padding: 5px;'><table><tr><td style='width:85px;'>Validation</td><td>:</td><td id='message'>waitUntilAngular5Ready done-Calling_From-BaseSteps.waitUntilAngular5Ready</td></tr></table></div><br/><br/>
<div id='messageValidation' style='background-color: silver; color: black; font-size: xx-small; border: silver 2px solid; padding: 5px;'><table><tr><td style='width:85px;'>Validation</td><td>:</td><td id='message'>waitUntilJSReadyCustomTimeOut done-Calling_From-BaseSteps.waitUntilJSReadyCustomTimeOut</td></tr></table></div><br/><br/>
<div id='messageValidation' style='background-color: silver; color: black; font-size: xx-small; border: silver 2px solid; padding: 5px;'><table><tr><td style='width:85px;'>Validation</td><td>:</td><td id='message'>waitUntilJqueryIsDone done-Calling_From-BaseSteps.waitUntilJqueryLoadCompleteCustomTimeOut</td></tr></table></div><br/><br/>
<div id='messageValidation' style='background-color: silver; color: black; font-size: xx-small; border: silver 2px solid; padding: 5px;'><table><tr><td style='width:85px;'>Validation</td><td>:</td><td id='message'>waitUntilJQueryReady done-Calling_From-BaseSteps.waitUntilJQueryReady</td></tr></table></div><br/><br/>
<div id='messageValidation' style='background-color: silver; color: black; font-size: xx-small; border: silver 2px solid; padding: 5px;'><table><tr><td style='width:85px;'>Validation</td><td>:</td><td id='message'>waitUntilAngularReady done-Calling_From-BaseSteps.waitUntilAngularReady</td></tr></table></div><br/><br/>
<div id='messageValidation' style='background-color: silver; color: black; font-size: xx-small; border: silver 2px solid; padding: 5px;'><table><tr><td style='width:85px;'>Validation</td><td>:</td><td id='message'>waitUntilAngular5Ready done-Calling_From-BaseSteps.waitUntilAngular5Ready</td></tr></table></div><br/><br/>
<div id='messageValidation' style='background-color: silver; color: black; font-size: xx-small; border: silver 2px solid; padding: 5px;'><table><tr><td style='width:85px;'>Validation</td><td>:</td><td id='message'>waitForElementVisibility done-Calling_From-BaseSteps.waitForElementVisibility</td></tr></table></div><br/><br/>
<div id='messageValidation' style='background-color: silver; color: black; font-size: xx-small; border: silver 2px solid; padding: 5px;'><table><tr><td style='width:85px;'>Validation</td><td>:</td><td id='message'>waitForElementVisibility done-Calling_From-BaseSteps.waitForElementVisibility</td></tr></table></div><br/><br/>
<div id='messageValidation' style='background-color: silver; color: black; font-size: xx-small; border: silver 2px solid; padding: 5px;'><table><tr><td style='width:85px;'>Validation</td><td>:</td><td id='message'>waitForElementVisibility done-Calling_From-BaseSteps.waitForElementVisibility</td></tr></table></div><br/><br/>
<div id='messageValidation' style='background-color: silver; color: black; font-size: xx-small; border: silver 2px solid; padding: 5px;'><table><tr><td style='width:85px;'>Validation</td><td>:</td><td id='message'>waitForElementToBeClickable done-Calling_From-BaseSteps.waitForElementToBeClickable</td></tr></table></div><br/><br/>
<div id='messageValidation' style='background-color: silver; color: black; font-size: xx-small; border: silver 2px solid; padding: 5px;'><table><tr><td style='width:85px;'>Validation</td><td>:</td><td id='message'>sendKey done-Calling_From-BaseSteps.sendKey</td></tr></table></div><br/><br/>
<div id='messageValidation' style='background-color: silver; color: black; font-size: xx-small; border: silver 2px solid; padding: 5px;'><table><tr><td style='width:85px;'>Validation</td><td>:</td><td id='message'>waitForElementToBeClickable done-Calling_From-BaseSteps.waitForElementToBeClickable</td></tr></table></div><br/><br/>
<div id='messageValidation' style='background-color: silver; color: black; font-size: xx-small; border: silver 2px solid; padding: 5px;'><table><tr><td style='width:85px;'>Validation</td><td>:</td><td id='message'>sendKey done-Calling_From-BaseSteps.sendKey</td></tr></table></div><br/><br/>
<div id='messageValidation' style='background-color: #04B404; color: white; font-size: xx-small; border: silver 2px solid; padding: 5px;'><table><tr><td style='width:85px;'>Validation</td><td>:</td><td id='message'>takeStepScreenShot: Login to application</td></tr></table></div><br/><br/>
<div id='messageValidation' style='background-color: #04B404; color: white; font-size: xx-small; border: silver 2px solid; padding: 5px;'><table><tr><td style='width:85px;'>Validation</td><td>:</td><td id='message'>.\PassedTestsScreenshots\LoginPageSteps_singInSDApplication_TELUSSSO_Pass_202204180932691.png</td></tr></table></div><br/><br/>
<div id='messageValidation' style='background-color: silver; color: black; font-size: xx-small; border: silver 2px solid; padding: 5px;'><table><tr><td style='width:85px;'>Validation</td><td>:</td><td id='message'>waitForElementToBeClickable done-Calling_From-BaseSteps.waitForElementToBeClickable</td></tr></table></div><br/><br/>
<div id='messageValidation' style='background-color: silver; color: black; font-size: xx-small; border: silver 2px solid; padding: 5px;'><table><tr><td style='width:85px;'>Validation</td><td>:</td><td id='message'>click Done-Calling_From-BaseSteps.clickElement</td></tr></table></div><br/><br/>
<div id='messageValidation' style='background-color: silver; color: black; font-size: xx-small; border: silver 2px solid; padding: 5px;'><table><tr><td style='width:85px;'>Validation</td><td>:</td><td id='message'>STEP ===> Login into TELUS_SD --> with Username: x223238 and Password: UGFzc3cwcmQ=</td></tr></table></div><br/><br/>
<div id='messageValidation' style='background-color: silver; color: black; font-size: xx-small; border: silver 2px solid; padding: 5px;'><table><tr><td style='width:85px;'>Validation</td><td>:</td><td id='message'>waitUntilJSReadyCustomTimeOut done-Calling_From-BaseSteps.waitUntilJSReadyCustomTimeOut</td></tr></table></div><br/><br/>
<div id='messageValidation' style='background-color: silver; color: black; font-size: xx-small; border: silver 2px solid; padding: 5px;'><table><tr><td style='width:85px;'>Validation</td><td>:</td><td id='message'>waitUntilJqueryIsDone done-Calling_From-BaseSteps.waitUntilJqueryLoadCompleteCustomTimeOut</td></tr></table></div><br/><br/>
<div id='messageValidation' style='background-color: silver; color: black; font-size: xx-small; border: silver 2px solid; padding: 5px;'><table><tr><td style='width:85px;'>Validation</td><td>:</td><td id='message'>waitUntilJQueryReady done-Calling_From-BaseSteps.waitUntilJQueryReadyLongWait</td></tr></table></div><br/><br/>
<div id='messageValidation' style='background-color: silver; color: black; font-size: xx-small; border: silver 2px solid; padding: 5px;'><table><tr><td style='width:85px;'>Validation</td><td>:</td><td id='message'>waitUntilAngularReadyLongWait done-Calling_From-BaseSteps.waitUntilAngularReadyLongWait</td></tr></table></div><br/><br/>
<div id='messageValidation' style='background-color: silver; color: black; font-size: xx-small; border: silver 2px solid; padding: 5px;'><table><tr><td style='width:85px;'>Validation</td><td>:</td><td id='message'>waitUntilAngular5ReadyLongWait done-Calling_From-BaseSteps.waitUntilAngular5ReadyLongWait</td></tr></table></div><br/><br/>
<div id='messageValidation' style='background-color: silver; color: black; font-size: xx-small; border: silver 2px solid; padding: 5px;'><table><tr><td style='width:85px;'>Validation</td><td>:</td><td id='message'>closeTheBrowser</td></tr></table></div><br/><br/>
<div id='messageValidation' style='background-color: silver; color: black; font-size: xx-small; border: silver 2px solid; padding: 5px;'><table><tr><td style='width:85px;'>Validation</td><td>:</td><td id='message'>WebDriver - Session ID removed from MAP-Calling_From-WebDriverSteps.removeThreatIdFromMap</td></tr></table></div><br/><br/>
<div id='messageValidation' style='background-color: silver; color: black; font-size: xx-small; border: silver 2px solid; padding: 5px;'><table><tr><td style='width:85px;'>Validation</td><td>:</td><td id='message'>TestListener.onTestSuccess</td></tr></table></div><br/><br/>
<div id='messageValidation' style='background-color: silver; color: black; font-size: xx-small; border: silver 2px solid; padding: 5px;'><table><tr><td style='width:85px;'>Validation</td><td>:</td><td id='message'>JIRA - Skipping Jira Update as Toggle it's false</td></tr></table></div><br/><br/>]]>
  </system-out>
</testsuite> <!-- com.telus.wnp.tests.uReportTestClass2 -->
